Performing C SOURCE FILE Test CMAKE_HAVE_LIBC_PTHREAD failed with the following output:
Change Dir: /home/johannes/catkin_ws/src/arena-rosnav/arena_navigation/arena_local_planner/model_based/all_in_one_local_planner_interface/cmake-build-debug/CMakeFiles/CMakeTmp

Run Build Command(s):/usr/bin/make cmTC_70665/fast && /usr/bin/make  -f CMakeFiles/cmTC_70665.dir/build.make CMakeFiles/cmTC_70665.dir/build
make[1]: Entering directory '/home/johannes/catkin_ws/src/arena-rosnav/arena_navigation/arena_local_planner/model_based/all_in_one_local_planner_interface/cmake-build-debug/CMakeFiles/CMakeTmp'
Building C object CMakeFiles/cmTC_70665.dir/src.c.o
/usr/bin/cc -DCMAKE_HAVE_LIBC_PTHREAD   -o CMakeFiles/cmTC_70665.dir/src.c.o -c /home/johannes/catkin_ws/src/arena-rosnav/arena_navigation/arena_local_planner/model_based/all_in_one_local_planner_interface/cmake-build-debug/CMakeFiles/CMakeTmp/src.c
Linking C executable cmTC_70665
/snap/clion/158/bin/cmake/linux/bin/cmake -E cmake_link_script CMakeFiles/cmTC_70665.dir/link.txt --verbose=1
/usr/bin/cc -rdynamic CMakeFiles/cmTC_70665.dir/src.c.o -o cmTC_70665 
CMakeFiles/cmTC_70665.dir/src.c.o: In function `main':
src.c:(.text+0x3e): undefined reference to `pthread_create'
src.c:(.text+0x4a): undefined reference to `pthread_detach'
src.c:(.text+0x56): undefined reference to `pthread_cancel'
src.c:(.text+0x67): undefined reference to `pthread_join'
src.c:(.text+0x7b): undefined reference to `pthread_atfork'
collect2: error: ld returned 1 exit status
CMakeFiles/cmTC_70665.dir/build.make:105: recipe for target 'cmTC_70665' failed
make[1]: *** [cmTC_70665] Error 1
make[1]: Leaving directory '/home/johannes/catkin_ws/src/arena-rosnav/arena_navigation/arena_local_planner/model_based/all_in_one_local_planner_interface/cmake-build-debug/CMakeFiles/CMakeTmp'
Makefile:140: recipe for target 'cmTC_70665/fast' failed
make: *** [cmTC_70665/fast] Error 2


Source file was:
#include <pthread.h>

static void* test_func(void* data)
{
  return data;
}

int main(void)
{
  pthread_t thread;
  pthread_create(&thread, NULL, test_func, NULL);
  pthread_detach(thread);
  pthread_cancel(thread);
  pthread_join(thread, NULL);
  pthread_atfork(NULL, NULL, NULL);
  pthread_exit(NULL);

  return 0;
}

Determining if the function pthread_create exists in the pthreads failed with the following output:
Change Dir: /home/johannes/catkin_ws/src/arena-rosnav/arena_navigation/arena_local_planner/model_based/all_in_one_local_planner_interface/cmake-build-debug/CMakeFiles/CMakeTmp

Run Build Command(s):/usr/bin/make cmTC_31152/fast && /usr/bin/make  -f CMakeFiles/cmTC_31152.dir/build.make CMakeFiles/cmTC_31152.dir/build
make[1]: Entering directory '/home/johannes/catkin_ws/src/arena-rosnav/arena_navigation/arena_local_planner/model_based/all_in_one_local_planner_interface/cmake-build-debug/CMakeFiles/CMakeTmp'
Building C object CMakeFiles/cmTC_31152.dir/CheckFunctionExists.c.o
/usr/bin/cc   -DCHECK_FUNCTION_EXISTS=pthread_create -o CMakeFiles/cmTC_31152.dir/CheckFunctionExists.c.o -c /snap/clion/158/bin/cmake/linux/share/cmake-3.19/Modules/CheckFunctionExists.c
Linking C executable cmTC_31152
/snap/clion/158/bin/cmake/linux/bin/cmake -E cmake_link_script CMakeFiles/cmTC_31152.dir/link.txt --verbose=1
/usr/bin/cc  -DCHECK_FUNCTION_EXISTS=pthread_create -rdynamic CMakeFiles/cmTC_31152.dir/CheckFunctionExists.c.o -o cmTC_31152  -lpthreads 
/usr/bin/ld: cannot find -lpthreads
collect2: error: ld returned 1 exit status
CMakeFiles/cmTC_31152.dir/build.make:105: recipe for target 'cmTC_31152' failed
make[1]: *** [cmTC_31152] Error 1
make[1]: Leaving directory '/home/johannes/catkin_ws/src/arena-rosnav/arena_navigation/arena_local_planner/model_based/all_in_one_local_planner_interface/cmake-build-debug/CMakeFiles/CMakeTmp'
Makefile:140: recipe for target 'cmTC_31152/fast' failed
make: *** [cmTC_31152/fast] Error 2



